<?xml version="1.0" encoding="UTF-8"?>
<!-- Generated by org.testng.reporters.JUnitReportReporter -->
<testsuite hostname="DESKTOP-NHO9V4D" failures="0" tests="1" name="tests.MainPageTest" time="1.327" errors="0" timestamp="2022-01-02T00:00:32 CST" skipped="0">
  <testcase classname="tests.MainPageTest" name="addToCart" time="1.327"/>
  <system-out/>
</testsuite> <!-- tests.MainPageTest -->
