<?xml version="1.0" encoding="UTF-8"?>
<!-- Generated by org.testng.reporters.JUnitReportReporter -->
<testsuite hostname="DESKTOP-67GQROK" failures="0" tests="1" name="com.inetbanking.testcases.TC_AddCustomerTest_003" time="20.574" errors="0" timestamp="29 Sep 2021 05:13:03 GMT" skipped="0">
  <testcase classname="com.inetbanking.testcases.TC_AddCustomerTest_003" name="addNewCustomer" time="20.574"/>
</testsuite> <!-- com.inetbanking.testcases.TC_AddCustomerTest_003 -->
