<?xml version="1.0" encoding="UTF-8"?>
<!-- Generated by org.testng.reporters.JUnitReportReporter -->
<testsuite hostname="DESKTOP-NHO9V4D" failures="0" tests="2" name="tests.LoginPageTest" time="19.233" errors="0" timestamp="2021-12-30T17:33:44 CST" skipped="0">
  <testcase classname="tests.LoginPageTest" name="homePage" time="10.694"/>
  <system-out/>
  <testcase classname="tests.LoginPageTest" name="homePage" time="8.539"/>
  <system-out/>
</testsuite> <!-- tests.LoginPageTest -->
