<?xml version="1.0" encoding="UTF-8"?>
<!-- Generated by org.testng.reporters.JUnitReportReporter -->
<testsuite hostname="DESKTOP-NHO9V4D" failures="0" tests="2" name="tests.HomePageTest" time="17.036" errors="0" timestamp="2021-12-28T18:37:41 CST" skipped="0">
  <testcase classname="tests.HomePageTest" name="homePage" time="8.533"/>
  <system-out/>
  <testcase classname="tests.HomePageTest" name="homePage" time="8.503"/>
  <system-out/>
</testsuite> <!-- tests.HomePageTest -->
