<?xml version="1.0" encoding="UTF-8"?>
<!-- Generated by org.testng.reporters.JUnitReportReporter -->
<testsuite hostname="DESKTOP-67GQROK" failures="0" tests="1" name="com.inetbanking.testcases.TC_AddCustomerTest_003" time="16.524" errors="0" timestamp="2021-10-05T18:13:35 CDT" skipped="0">
  <testcase classname="com.inetbanking.testcases.TC_AddCustomerTest_003" name="addNewCustomer" time="16.524"/>
  <system-out/>
</testsuite> <!-- com.inetbanking.testcases.TC_AddCustomerTest_003 -->
