<?xml version="1.0" encoding="UTF-8"?>
<!-- Generated by org.testng.reporters.JUnitReportReporter -->
<testsuite hostname="DESKTOP-NHO9V4D" failures="0" tests="1" name="tests.LandingPage" time="7.665" errors="0" timestamp="2021-12-28T12:13:15 CST" skipped="0">
  <testcase classname="tests.LandingPage" name="homePage" time="7.665"/>
  <system-out/>
</testsuite> <!-- tests.LandingPage -->
