<?xml version="1.0" encoding="UTF-8"?>
<!-- Generated by org.testng.reporters.JUnitReportReporter -->
<testsuite hostname="DESKTOP-NHO9V4D" failures="0" tests="2" name="tests.LoginPageTest" time="21.944" errors="0" timestamp="2021-12-30T17:28:37 CST" skipped="0">
  <testcase classname="tests.LoginPageTest" name="homePage" time="9.247"/>
  <system-out/>
  <testcase classname="tests.LoginPageTest" name="homePage" time="12.697"/>
  <system-out/>
</testsuite> <!-- tests.LoginPageTest -->
