<?xml version="1.0" encoding="UTF-8"?>
<!-- Generated by org.testng.reporters.JUnitReportReporter -->
<testsuite hostname="DESKTOP-NHO9V4D" failures="0" tests="1" name="tests.ValidateNavBarTest" time="0.403" errors="0" timestamp="2021-12-30T17:28:37 CST" skipped="0">
  <testcase classname="tests.ValidateNavBarTest" name="validateNavigation" time="0.403"/>
  <system-out/>
</testsuite> <!-- tests.ValidateNavBarTest -->
